<?xml version="1.0" encoding="utf-8"?><testsuites name="pytest tests"><testsuite name="pytest" errors="0" failures="0" skipped="1" tests="7" time="3.095" timestamp="2026-07-22T03:11:03.949126+00:00" hostname="agent-env-5874bbcd-867c-45ec-a77b-432b59fd3343"><testcase classname="tests.test_iteration6" name="test_stripe_portal_returns_url_or_graceful_502" time="1.179" /><testcase classname="tests.test_iteration6" name="test_stripe_portal_unauth" time="0.097" /><testcase classname="tests.test_iteration6" name="test_stripe_checkout_returns_stripe_url" time="0.580" /><testcase classname="tests.test_iteration6" name="test_plaid_items_unauth" time="0.105" /><testcase classname="tests.test_iteration6" name="test_subscriptions_status_unauth" time="0.098" /><testcase classname="tests.test_iteration6" name="test_schedule_c_pdf_trial_402" time="0.102" /><testcase classname="tests.test_iteration6" name="test_schedule_c_pdf_pro_200" time="0.552"><skipped type="pytest.skip" message="Cannot upgrade to pro in this env (verify-receipt returned 500): Internal Server Error">/app/backend/tests/test_iteration6.py:103: Cannot upgrade to pro in this env (verify-receipt returned 500): Internal Server Error</skipped></testcase></testsuite></testsuites>