<?xml version="1.0" encoding="utf-8"?><testsuites name="pytest tests"><testsuite name="pytest" errors="0" failures="0" skipped="0" tests="10" time="4.090" timestamp="2026-08-02T19:44:17.618554+00:00" hostname="agent-env-5874bbcd-867c-45ec-a77b-432b59fd3343"><testcase classname="tests.test_milli_cents_iter9" name="test_health" time="0.164" /><testcase classname="tests.test_milli_cents_iter9" name="test_login_demo" time="0.360" /><testcase classname="tests.test_milli_cents_iter9" name="test_milli_cents_score_auth_required" time="0.105" /><testcase classname="tests.test_milli_cents_iter9" name="test_milli_cents_score_authed" time="0.727" /><testcase classname="tests.test_milli_cents_iter9" name="test_milli_cents_compare" time="0.103" /><testcase classname="tests.test_milli_cents_iter9" name="test_referral_me" time="0.097" /><testcase classname="tests.test_milli_cents_iter9" name="test_ai_voice" time="1.693" /><testcase classname="tests.test_milli_cents_iter9" name="test_subscription_status" time="0.099" /><testcase classname="tests.test_milli_cents_iter9" name="test_vault" time="0.100" /><testcase classname="tests.test_milli_cents_iter9" name="test_quarterly" time="0.107" /></testsuite></testsuites>