<?xml version="1.0" encoding="utf-8"?><testsuites name="pytest tests"><testsuite name="pytest" errors="0" failures="0" skipped="0" tests="13" time="3.024" timestamp="2026-07-15T20:58:23.834310+00:00" hostname="agent-env-5874bbcd-867c-45ec-a77b-432b59fd3343"><testcase classname="tests.test_marketing_videos" name="test_list_shape" time="0.386" /><testcase classname="tests.test_marketing_videos" name="test_list_order_and_fields" time="0.001" /><testcase classname="tests.test_marketing_videos" name="test_public_url_values" time="0.000" /><testcase classname="tests.test_marketing_videos" name="test_pod_mp4_range[01_cinematic_luxury]" time="0.250" /><testcase classname="tests.test_marketing_videos" name="test_pod_mp4_range[02_driver_pov_hud]" time="0.299" /><testcase classname="tests.test_marketing_videos" name="test_pod_mp4_range[03_lifestyle_gigworker]" time="0.234" /><testcase classname="tests.test_marketing_videos" name="test_pod_mp4_range[04_product_kinetic_type]" time="0.202" /><testcase classname="tests.test_marketing_videos" name="test_pod_mp4_range[05_hero_montage]" time="0.254" /><testcase classname="tests.test_marketing_videos" name="test_gofile_public_url[01_cinematic_luxury-https://gofile.io/d/dmw9cd]" time="0.185" /><testcase classname="tests.test_marketing_videos" name="test_gofile_public_url[02_driver_pov_hud-https://gofile.io/d/UpE6dC]" time="0.137" /><testcase classname="tests.test_marketing_videos" name="test_gofile_public_url[03_lifestyle_gigworker-https://gofile.io/d/jZZxif]" time="0.138" /><testcase classname="tests.test_marketing_videos" name="test_gofile_public_url[04_product_kinetic_type-https://gofile.io/d/KRCB7W]" time="0.147" /><testcase classname="tests.test_marketing_videos" name="test_gofile_public_url[05_hero_montage-https://gofile.io/d/x7ni2g]" time="0.137" /></testsuite></testsuites>