<?xml version="1.0" encoding="utf-8"?><testsuites name="pytest tests"><testsuite name="pytest" errors="0" failures="0" skipped="0" tests="49" time="6.920" timestamp="2026-06-29T10:52:53.443579+00:00" hostname="agent-env-5874bbcd-867c-45ec-a77b-432b59fd3343"><testcase classname="tests.test_milli_backend.TestOnboarding" name="test_register_user_has_onboarding_false" time="0.469" /><testcase classname="tests.test_milli_backend.TestOnboarding" name="test_onboarding_complete_persists" time="0.048" /><testcase classname="tests.test_milli_backend.TestOnboarding" name="test_me_reflects_onboarding_complete" time="0.042" /><testcase classname="tests.test_milli_backend.TestPlaidLink" name="test_link_token" time="0.433" /><testcase classname="tests.test_milli_backend.TestPlaidLink" name="test_exchange_with_fake_token_handled" time="0.080" /><testcase classname="tests.test_milli_backend.TestVault" name="test_vault_setup_creates_milli_reserve" time="0.043" /><testcase classname="tests.test_milli_backend.TestVault" name="test_vault_setup_idempotent" time="0.086" /><testcase classname="tests.test_milli_backend.TestVault" name="test_vault_get" time="0.042" /><testcase classname="tests.test_milli_backend.TestVault" name="test_vault_rule_update" time="0.087" /><testcase classname="tests.test_milli_backend.TestVault" name="test_vault_transfer_in_and_out" time="0.090" /><testcase classname="tests.test_milli_backend.TestVault" name="test_vault_withdraw_beyond_balance_400" time="0.048" /><testcase classname="tests.test_milli_backend.TestVault" name="test_vault_transfer_zero_400" time="0.043" /><testcase classname="tests.test_milli_backend.TestVault" name="test_vault_connect_plaid_with_fake_token" time="0.042" /><testcase classname="tests.test_milli_backend.TestSmartAccounts" name="test_setup[retirement-0.08]" time="0.047" /><testcase classname="tests.test_milli_backend.TestSmartAccounts" name="test_setup[investing-0.05]" time="0.044" /><testcase classname="tests.test_milli_backend.TestSmartAccounts" name="test_get[retirement-0.08]" time="0.044" /><testcase classname="tests.test_milli_backend.TestSmartAccounts" name="test_get[investing-0.05]" time="0.047" /><testcase classname="tests.test_milli_backend.TestSmartAccounts" name="test_rule_update[retirement-0.08]" time="0.083" /><testcase classname="tests.test_milli_backend.TestSmartAccounts" name="test_rule_update[investing-0.05]" time="0.086" /><testcase classname="tests.test_milli_backend.TestSmartAccounts" name="test_transfer_in_out[retirement-0.08]" time="0.128" /><testcase classname="tests.test_milli_backend.TestSmartAccounts" name="test_transfer_in_out[investing-0.05]" time="0.089" /><testcase classname="tests.test_milli_backend.TestSmartAccounts" name="test_transfer_overdraw_400[retirement-0.08]" time="0.043" /><testcase classname="tests.test_milli_backend.TestSmartAccounts" name="test_transfer_overdraw_400[investing-0.05]" time="0.044" /><testcase classname="tests.test_milli_backend.TestSmartAccounts" name="test_unknown_kind_404[retirement-0.08]" time="0.042" /><testcase classname="tests.test_milli_backend.TestSmartAccounts" name="test_unknown_kind_404[investing-0.05]" time="0.042" /><testcase classname="tests.test_milli_backend.TestDepositsV2AutoAllocation" name="test_manual_v2_auto_allocates" time="0.460" /><testcase classname="tests.test_milli_backend.TestDepositsV2AutoAllocation" name="test_manual_v2_zero_amount_400" time="0.081" /><testcase classname="tests.test_milli_backend.TestQuarterly" name="test_quarterly_overview" time="0.046" /><testcase classname="tests.test_milli_backend.TestQuarterly" name="test_record_payment_valid" time="0.086" /><testcase classname="tests.test_milli_backend.TestQuarterly" name="test_record_payment_invalid_period_400" time="0.042" /><testcase classname="tests.test_milli_backend.TestTaxSummary" name="test_summary_returns_all_fields" time="0.044" /><testcase classname="tests.test_milli_backend.TestPricingElite" name="test_elite_has_auto_filing_feature" time="0.041" /><testcase classname="tests.test_milli_backend.TestStripeCheckout" name="test_pro_checkout" time="0.681" /><testcase classname="tests.test_milli_backend.TestAIChatStream" name="test_first_data_chunk_within_10s" time="2.337" /><testcase classname="tests.test_milli_backend.TestDemoSeed" name="test_demo_seed" time="0.071" /><testcase classname="tests.test_milli_backend.TestProtectedNewEndpoints" name="test_requires_auth[post-/onboarding/complete]" time="0.045" /><testcase classname="tests.test_milli_backend.TestProtectedNewEndpoints" name="test_requires_auth[post-/vault/setup]" time="0.040" /><testcase classname="tests.test_milli_backend.TestProtectedNewEndpoints" name="test_requires_auth[get-/vault]" time="0.041" /><testcase classname="tests.test_milli_backend.TestProtectedNewEndpoints" name="test_requires_auth[put-/vault/rule]" time="0.042" /><testcase classname="tests.test_milli_backend.TestProtectedNewEndpoints" name="test_requires_auth[post-/vault/transfer]" time="0.040" /><testcase classname="tests.test_milli_backend.TestProtectedNewEndpoints" name="test_requires_auth[post-/smart/retirement/setup]" time="0.041" /><testcase classname="tests.test_milli_backend.TestProtectedNewEndpoints" name="test_requires_auth[get-/smart/retirement]" time="0.041" /><testcase classname="tests.test_milli_backend.TestProtectedNewEndpoints" name="test_requires_auth[put-/smart/retirement/rule]" time="0.081" /><testcase classname="tests.test_milli_backend.TestProtectedNewEndpoints" name="test_requires_auth[post-/smart/retirement/transfer]" time="0.041" /><testcase classname="tests.test_milli_backend.TestProtectedNewEndpoints" name="test_requires_auth[post-/smart/investing/setup]" time="0.041" /><testcase classname="tests.test_milli_backend.TestProtectedNewEndpoints" name="test_requires_auth[get-/smart/investing]" time="0.079" /><testcase classname="tests.test_milli_backend.TestProtectedNewEndpoints" name="test_requires_auth[get-/quarterly]" time="0.041" /><testcase classname="tests.test_milli_backend.TestProtectedNewEndpoints" name="test_requires_auth[post-/quarterly/payment]" time="0.042" /><testcase classname="tests.test_milli_backend.TestProtectedNewEndpoints" name="test_requires_auth[post-/deposits/manual-v2]" time="0.041" /></testsuite></testsuites>