<?xml version="1.0" encoding="utf-8"?><testsuites name="pytest tests"><testsuite name="pytest" errors="0" failures="0" skipped="1" tests="21" time="4.312" timestamp="2026-07-15T22:01:22.204235+00:00" hostname="agent-env-5874bbcd-867c-45ec-a77b-432b59fd3343"><testcase classname="tests.test_phase2_api.TestAutopilotReceipts" name="test_latest_receipt_has_all_steps_and_hash" time="1.332" /><testcase classname="tests.test_phase2_api.TestMileageAndTrips" name="test_mileage_summary" time="1.332" /><testcase classname="tests.test_phase2_api.TestMileageAndTrips" name="test_trips_need_review" time="0.102" /><testcase classname="tests.test_phase2_api.TestAutopilotReceipts" name="test_receipt_amounts_sum_to_payout" time="0.117" /><testcase classname="tests.test_phase2_api.TestMileageAndTrips" name="test_classify_trip_flow" time="0.347" /><testcase classname="tests.test_phase2_api.TestAutopilotReceipts" name="test_receipt_get_by_id_returns_same_hash" time="0.216" /><testcase classname="tests.test_phase2_api.TestAutopilotSettings" name="test_get_settings" time="0.111" /><testcase classname="tests.test_phase2_api.TestAutopilotSettings" name="test_put_settings_updates" time="0.113" /><testcase classname="tests.test_phase2_api.TestMileageAndTrips" name="test_classify_invalid_returns_400" time="0.228" /><testcase classname="tests.test_phase2_api.TestAutopilotSettings" name="test_settings_clamped" time="0.120" /><testcase classname="tests.test_phase2_api.TestMileageAndTrips" name="test_vehicles_crud" time="0.320" /><testcase classname="tests.test_phase2_api.TestTaxProfile" name="test_get_profile" time="0.108" /><testcase classname="tests.test_phase2_api.TestTaxProfile" name="test_put_profile_updates_and_persists" time="0.207" /><testcase classname="tests.test_phase2_api.TestNotifications" name="test_list_notifications" time="0.124" /><testcase classname="tests.test_phase2_api.TestPlanFeatures" name="test_demo_elite_features" time="0.118" /><testcase classname="tests.test_phase2_api.TestNotifications" name="test_mark_read" time="0.442" /><testcase classname="tests.test_phase2_api.TestPlanFeatures" name="test_basic_user_gets_only_core" time="0.446"><skipped type="pytest.skip" message="user is on plan=trial (trial), cannot verify basic-only features">/app/backend/tests/test_phase2_api.py:164: user is on plan=trial (trial), cannot verify basic-only features</skipped></testcase><testcase classname="tests.test_phase2_api.TestDashboardSnapshot" name="test_snapshot_has_all_hero_fields" time="0.332" /><testcase classname="tests.test_phase2_api.TestSubscriptionGating" name="test_basic_or_trial_retirement_setup" time="0.477" /><testcase classname="tests.test_phase2_api.TestAIInsights" name="test_insights_shape" time="0.113" /><testcase classname="tests.test_phase2_api.TestSubscriptionGating" name="test_basic_manual_deposit_gates_retirement_investing" time="0.359" /></testsuite></testsuites>