<?xml version="1.0" encoding="utf-8"?><testsuites name="pytest tests"><testsuite name="pytest" errors="0" failures="0" skipped="0" tests="5" time="1.836" timestamp="2026-07-22T02:33:23.538477+00:00" hostname="agent-env-5874bbcd-867c-45ec-a77b-432b59fd3343"><testcase classname="tests.test_reports_endpoints" name="test_tax_summary_2026" time="0.747" /><testcase classname="tests.test_reports_endpoints" name="test_mileage_csv_200" time="0.163" /><testcase classname="tests.test_reports_endpoints" name="test_schedule_c_pdf_trial_user" time="0.132" /><testcase classname="tests.test_reports_endpoints" name="test_tax_summary_unauth" time="0.153" /><testcase classname="tests.test_reports_endpoints" name="test_mileage_csv_unauth" time="0.114" /></testsuite></testsuites>